#
# A fatal error has been detected by the Java Runtime Environment:
#
#  EXCEPTION_ACCESS_VIOLATION (0xc0000005) at pc=0x6aba9af3, pid=9148, tid=0x00002104
#
# JRE version: Java(TM) SE Runtime Environment (8.0_121-b13) (build 1.8.0_121-b13)
# Java VM: Java HotSpot(TM) Client VM (25.121-b13 mixed mode windows-x86 )
# Problematic frame:
# C  [awt.dll+0xa9af3]
#
# Failed to write core dump. Minidumps are not enabled by default on client versions of Windows
#
# If you would like to submit a bug report, please visit:
#   http://bugreport.java.com/bugreport/crash.jsp
# The crash happened outside the Java Virtual Machine in native code.
# See problematic frame for where to report the bug.
#

---------------  T H R E A D  ---------------

Current thread (0x28c84800):  JavaThread "AWT-EventQueue-0" [_thread_in_native, id=8452, stack(0x29e70000,0x29ec0000)]

siginfo: ExceptionCode=0xc0000005, reading address 0x00000004

Registers:
EAX=0x0000000d, EBX=0x00011378, ECX=0x00000000, EDX=0x0190d340
ESP=0x29ebe0f8, EBP=0x74e46460, ESI=0x29224368, EDI=0x28ef6548
EIP=0x6aba9af3, EFLAGS=0x00010297

Top of Stack: (sp=0x29ebe0f8)
0x29ebe0f8:   6ab2e936 00011378 28ef6548 28c84940
0x29ebe108:   29ebe1c8 29ebe680 6ab5b3db 28c84940
0x29ebe118:   28ef6548 29ebe680 6ab5b3f2 00000001
0x29ebe128:   00000000 00000000 6ab2bb85 28c84940
0x29ebe138:   29ebe680 28c84800 00000000 00000000
0x29ebe148:   29ebe168 03399a53 291f8c50 271b04e8
0x29ebe158:   29ebe684 28c84940 291f8c50 00000001
0x29ebe168:   29ebe1f8 035e0f3c ffffffff 29ebe174 

Instructions: (pc=0x6aba9af3)
0x6aba9ad3:   00 00 c3 8b 41 04 8b 80 0c 0c 00 00 c3 8b 01 83
0x6aba9ae3:   78 04 08 7e 03 33 c0 c3 8b 49 04 e9 30 eb fe ff
0x6aba9af3:   8b 49 04 85 c9 74 05 e9 3e e9 fe ff 33 c0 c2 04
0x6aba9b03:   00 8b 49 04 85 c9 74 05 e9 53 e9 fe ff c2 04 00 


Register to memory mapping:

EAX=0x0000000d is an unknown value
EBX=0x00011378 is an unknown value
ECX=0x00000000 is an unknown value
EDX=0x0190d340 is an unknown value
ESP=0x29ebe0f8 is pointing into the stack for thread: 0x28c84800
EBP=0x74e46460 is an unknown value
ESI=0x29224368 is an unknown value
EDI=0x28ef6548 is an unknown value


Stack: [0x29e70000,0x29ec0000],  sp=0x29ebe0f8,  free space=312k
Native frames: (J=compiled Java code, j=interpreted, Vv=VM code, C=native code)
C  [awt.dll+0xa9af3]

Java frames: (J=compiled Java code, j=interpreted, Vv=VM code)
J 2355  sun.java2d.windows.GDIBlitLoops.nativeBlit(Lsun/java2d/SurfaceData;Lsun/java2d/SurfaceData;Lsun/java2d/pipe/Region;IIIIIIIIIZ)V (0 bytes) @ 0x03699018 [0x03698f50+0xc8]
J 2354 C1 sun.java2d.windows.GDIBlitLoops.Blit(Lsun/java2d/SurfaceData;Lsun/java2d/SurfaceData;Ljava/awt/Composite;Lsun/java2d/pipe/Region;IIIIII)V (37 bytes) @ 0x036992d8 [0x03699240+0x98]
J 2067 C1 sun.java2d.pipe.DrawImage.blitSurfaceData(Lsun/java2d/SunGraphics2D;Lsun/java2d/pipe/Region;Lsun/java2d/SurfaceData;Lsun/java2d/SurfaceData;Lsun/java2d/loops/SurfaceType;Lsun/java2d/loops/SurfaceType;IIIIIILjava/awt/Color;)V (145 bytes) @ 0x03634500 [0x036342e0+0x220]
J 2066 C1 sun.java2d.pipe.DrawImage.renderImageCopy(Lsun/java2d/SunGraphics2D;Ljava/awt/Image;Ljava/awt/Color;IIIIII)Z (147 bytes) @ 0x03633bdc [0x03633ac0+0x11c]
J 2069 C1 sun.java2d.pipe.DrawImage.copyImage(Lsun/java2d/SunGraphics2D;Ljava/awt/Image;IILjava/awt/Color;)Z (105 bytes) @ 0x036368b0 [0x036366d0+0x1e0]
J 2055 C1 sun.java2d.pipe.DrawImage.copyImage(Lsun/java2d/SunGraphics2D;Ljava/awt/Image;IILjava/awt/Color;Ljava/awt/image/ImageObserver;)Z (60 bytes) @ 0x036314a8 [0x03631340+0x168]
J 2295 C1 sun.java2d.pipe.ValidatePipe.copyImage(Lsun/java2d/SunGraphics2D;Ljava/awt/Image;IILjava/awt/Color;Ljava/awt/image/ImageObserver;)Z (29 bytes) @ 0x03680268 [0x036801f0+0x78]
J 2054 C1 sun.java2d.SunGraphics2D.drawImage(Ljava/awt/Image;IILjava/awt/Color;Ljava/awt/image/ImageObserver;)Z (145 bytes) @ 0x03630b0c [0x03630910+0x1fc]
J 2182 C1 sun.java2d.SunGraphics2D.drawImage(Ljava/awt/Image;IILjava/awt/image/ImageObserver;)Z (11 bytes) @ 0x03659380 [0x03659340+0x40]
J 2126 C1 javax.swing.RepaintManager$PaintManager.paintDoubleBuffered(Ljavax/swing/JComponent;Ljava/awt/Image;Ljava/awt/Graphics;IIII)V (294 bytes) @ 0x03645a08 [0x03645860+0x1a8]
J 2224 C1 javax.swing.RepaintManager$PaintManager.paint(Ljavax/swing/JComponent;Ljavax/swing/JComponent;Ljava/awt/Graphics;IIII)Z (189 bytes) @ 0x036688cc [0x03668690+0x23c]
J 2388 C1 javax.swing.RepaintManager.paint(Ljavax/swing/JComponent;Ljavax/swing/JComponent;Ljava/awt/Graphics;IIII)V (93 bytes) @ 0x036a16f0 [0x036a1500+0x1f0]
J 61797 C1 javax.swing.JComponent.paint(Ljava/awt/Graphics;)V (409 bytes) @ 0x0367bef4 [0x0367bb90+0x364]
j  java.awt.GraphicsCallback$PaintCallback.run(Ljava/awt/Component;Ljava/awt/Graphics;)V+2
j  sun.awt.SunGraphicsCallback.runOneComponent(Ljava/awt/Component;Ljava/awt/Rectangle;Ljava/awt/Graphics;Ljava/awt/Shape;I)V+155
j  sun.awt.SunGraphicsCallback.runComponents([Ljava/awt/Component;Ljava/awt/Graphics;I)V+194
j  java.awt.Container.paint(Ljava/awt/Graphics;)V+58
j  java.awt.Window.paint(Ljava/awt/Graphics;)V+68
J 13340 C1 javax.swing.RepaintManager$4.run()Ljava/lang/Void; (278 bytes) @ 0x036b3cb4 [0x036b39e0+0x2d4]
J 13339 C1 javax.swing.RepaintManager$4.run()Ljava/lang/Object; (5 bytes) @ 0x03607ba0 [0x03607b80+0x20]
v  ~StubRoutines::call_stub
J 1622  java.security.AccessController.doPrivileged(Ljava/security/PrivilegedAction;Ljava/security/AccessControlContext;)Ljava/lang/Object; (0 bytes) @ 0x0357db87 [0x0357db20+0x67]
J 13236 C1 javax.swing.RepaintManager.paintDirtyRegions(Ljava/util/Map;)V (196 bytes) @ 0x0364677c [0x036463a0+0x3dc]
J 13335 C1 javax.swing.RepaintManager.paintDirtyRegions()V (50 bytes) @ 0x034b68a4 [0x034b6760+0x144]
J 13334 C1 javax.swing.RepaintManager.prePaintDirtyRegions()V (91 bytes) @ 0x034955b4 [0x034953f0+0x1c4]
J 13366 C1 javax.swing.RepaintManager$ProcessingRunnable.run()V (41 bytes) @ 0x036a5da4 [0x036a5c70+0x134]
J 1852 C1 java.awt.event.InvocationEvent.dispatch()V (69 bytes) @ 0x035d55dc [0x035d54f0+0xec]
J 1707 C1 java.awt.EventQueue.dispatchEventImpl(Ljava/awt/AWTEvent;Ljava/lang/Object;)V (149 bytes) @ 0x03599f8c [0x03599ad0+0x4bc]
J 1696 C1 java.awt.EventQueue$3.run()Ljava/lang/Void; (60 bytes) @ 0x0359559c [0x03595540+0x5c]
J 1695 C1 java.awt.EventQueue$3.run()Ljava/lang/Object; (5 bytes) @ 0x03595320 [0x03595300+0x20]
v  ~StubRoutines::call_stub
J 1622  java.security.AccessController.doPrivileged(Ljava/security/PrivilegedAction;Ljava/security/AccessControlContext;)Ljava/lang/Object; (0 bytes) @ 0x0357db87 [0x0357db20+0x67]
J 1705 C1 java.awt.EventQueue.dispatchEvent(Ljava/awt/AWTEvent;)V (80 bytes) @ 0x035989c8 [0x035987c0+0x208]
J 1613 C1 java.awt.EventDispatchThread.pumpOneEventForFilters(I)V (295 bytes) @ 0x0357aed0 [0x0357a840+0x690]
J 2421% C1 java.awt.EventDispatchThread.pumpEventsForFilter(ILjava/awt/Conditional;Ljava/awt/EventFilter;)V (47 bytes) @ 0x036ac9c0 [0x036ac900+0xc0]
j  java.awt.EventDispatchThread.pumpEventsForHierarchy(ILjava/awt/Conditional;Ljava/awt/Component;)V+11
j  java.awt.EventDispatchThread.pumpEvents(ILjava/awt/Conditional;)V+4
j  java.awt.EventDispatchThread.pumpEvents(Ljava/awt/Conditional;)V+3
j  java.awt.EventDispatchThread.run()V+9
v  ~StubRoutines::call_stub

---------------  P R O C E S S  ---------------

Java Threads: ( => current thread )
  0x29251400 JavaThread "EventThread COM10" [_thread_in_native, id=11784, stack(0x053c0000,0x05410000)]
  0x29253c00 JavaThread "DestroyJavaVM" [_thread_blocked, id=5028, stack(0x03030000,0x03080000)]
  0x29253400 JavaThread "TimerQueue" daemon [_thread_blocked, id=16764, stack(0x2a990000,0x2a9e0000)]
  0x28c84000 JavaThread "Batik CleanerThread" daemon [_thread_blocked, id=16324, stack(0x29f40000,0x29f90000)]
=>0x28c84800 JavaThread "AWT-EventQueue-0" [_thread_in_native, id=8452, stack(0x29e70000,0x29ec0000)]
  0x28c81c00 JavaThread "AWT-Shutdown" [_thread_blocked, id=3652, stack(0x27570000,0x275c0000)]
  0x28c83800 JavaThread "Timer-0" [_thread_blocked, id=11036, stack(0x29be0000,0x29c30000)]
  0x28c4e000 JavaThread "Multihomed mDNS.Timer" daemon [_thread_blocked, id=1952, stack(0x29690000,0x296e0000)]
  0x28c4cc00 JavaThread "cc.arduino.packages.discoverers.serial.SerialBoardsLister" [_thread_blocked, id=4260, stack(0x29600000,0x29650000)]
  0x27092c00 JavaThread "AWT-Windows" daemon [_thread_in_native, id=7464, stack(0x27600000,0x27650000)]
  0x27091400 JavaThread "Java2D Disposer" daemon [_thread_blocked, id=4436, stack(0x274e0000,0x27530000)]
  0x26799000 JavaThread "Service Thread" daemon [_thread_blocked, id=14920, stack(0x26d50000,0x26da0000)]
  0x26782000 JavaThread "C1 CompilerThread0" daemon [_thread_blocked, id=11268, stack(0x26cc0000,0x26d10000)]
  0x26780000 JavaThread "Attach Listener" daemon [_thread_blocked, id=11588, stack(0x26c30000,0x26c80000)]
  0x26770000 JavaThread "Signal Dispatcher" daemon [_thread_blocked, id=9384, stack(0x26ba0000,0x26bf0000)]
  0x2676d400 JavaThread "Finalizer" daemon [_thread_blocked, id=9812, stack(0x26a20000,0x26a70000)]
  0x26757800 JavaThread "Reference Handler" daemon [_thread_blocked, id=12632, stack(0x26990000,0x269e0000)]

Other Threads:
  0x02f7ec00 VMThread [stack: 0x055b0000,0x05600000] [id=13676]
  0x267aec00 WatcherThread [stack: 0x26de0000,0x26e30000] [id=9128]

VM state:not at safepoint (normal execution)

VM Mutex/Monitor currently owned by a thread: None

Heap:
 def new generation   total 81216K, used 49862K [0x05600000, 0x0ae10000, 0x100a0000)
  eden space 72256K,  65% used [0x05600000, 0x0844e078, 0x09c90000)
  from space 8960K,  27% used [0x09c90000, 0x09ef37c8, 0x0a550000)
  to   space 8960K,   0% used [0x0a550000, 0x0a550000, 0x0ae10000)
 tenured generation   total 180196K, used 92792K [0x100a0000, 0x1b099000, 0x25600000)
   the space 180196K,  51% used [0x100a0000, 0x15b3e168, 0x15b3e200, 0x1b099000)
 Metaspace       used 19232K, capacity 19656K, committed 19840K, reserved 19840K

Card table byte_map: [0x05460000,0x05570000] byte_map_base: 0x05435000

Polling page: 0x01480000

CodeCache: size=32768Kb used=2052Kb max_used=4250Kb free=30715Kb
 bounds [0x032a0000, 0x036c8000, 0x052a0000]
 total_blobs=1259 nmethods=976 adapters=211
 compilation: enabled

Compilation events (10 events):
Event: 95072.866 Thread 0x26782000 nmethod 64272 0x03636b48 code [0x03636c40, 0x03636cdc]
Event: 95072.943 Thread 0x26782000 64273             java.awt.image.SinglePixelPackedSampleModel::<init> (277 bytes)
Event: 95072.945 Thread 0x26782000 nmethod 64273 0x035b9948 code [0x035b9b20, 0x035ba2e0]
Event: 95072.960 Thread 0x26782000 64274             org.fife.ui.rsyntaxtextarea.TokenMap::get (214 bytes)
Event: 95072.961 Thread 0x26782000 nmethod 64274 0x034cf148 code [0x034cf280, 0x034cf5d0]
Event: 95072.961 Thread 0x26782000 64275             java.util.Arrays$ArrayList::indexOf (62 bytes)
Event: 95072.961 Thread 0x26782000 nmethod 64275 0x033ea7c8 code [0x033ea8e0, 0x033eaa1c]
Event: 95072.961 Thread 0x26782000 64276             org.fife.ui.rsyntaxtextarea.DefaultTokenPainter::paintImpl (454 bytes)
Event: 95072.971 Thread 0x26782000 nmethod 64276 0x0335cc88 code [0x0335cf40, 0x0335d998]
Event: 95072.971 Thread 0x26782000 64277             org.fife.ui.rsyntaxtextarea.modes.CPlusPlusTokenMaker::yylex (1112 bytes)

GC Heap History (10 events):
Event: 33025.055 GC heap before
{Heap before GC invocations=371 (full 18):
 def new generation   total 81216K, used 81216K [0x05600000, 0x0ae10000, 0x100a0000)
  eden space 72256K, 100% used [0x05600000, 0x09c90000, 0x09c90000)
  from space 8960K, 100% used [0x0a550000, 0x0ae10000, 0x0ae10000)
  to   space 8960K,   0% used [0x09c90000, 0x09c90000, 0x0a550000)
 tenured generation   total 180196K, used 161829K [0x100a0000, 0x1b099000, 0x25600000)
   the space 180196K,  89% used [0x100a0000, 0x19ea9708, 0x19ea9800, 0x1b099000)
 Metaspace       used 19231K, capacity 19656K, committed 19840K, reserved 19840K
Event: 33025.093 GC heap after
Heap after GC invocations=372 (full 18):
 def new generation   total 81216K, used 8673K [0x05600000, 0x0ae10000, 0x100a0000)
  eden space 72256K,   0% used [0x05600000, 0x05600000, 0x09c90000)
  from space 8960K,  96% used [0x09c90000, 0x0a508758, 0x0a550000)
  to   space 8960K,   0% used [0x0a550000, 0x0a550000, 0x0ae10000)
 tenured generation   total 180196K, used 170788K [0x100a0000, 0x1b099000, 0x25600000)
   the space 180196K,  94% used [0x100a0000, 0x1a769380, 0x1a769400, 0x1b099000)
 Metaspace       used 19231K, capacity 19656K, committed 19840K, reserved 19840K
}
Event: 33051.270 GC heap before
{Heap before GC invocations=372 (full 18):
 def new generation   total 81216K, used 80633K [0x05600000, 0x0ae10000, 0x100a0000)
  eden space 72256K,  99% used [0x05600000, 0x09c45e88, 0x09c90000)
  from space 8960K,  96% used [0x09c90000, 0x0a508758, 0x0a550000)
  to   space 8960K,   0% used [0x0a550000, 0x0a550000, 0x0ae10000)
 tenured generation   total 180196K, used 170788K [0x100a0000, 0x1b099000, 0x25600000)
   the space 180196K,  94% used [0x100a0000, 0x1a769380, 0x1a769400, 0x1b099000)
 Metaspace       used 19231K, capacity 19656K, committed 19840K, reserved 19840K
Event: 33051.282 GC heap after
Heap after GC invocations=373 (full 18):
 def new generation   total 81216K, used 1398K [0x05600000, 0x0ae10000, 0x100a0000)
  eden space 72256K,   0% used [0x05600000, 0x05600000, 0x09c90000)
  from space 8960K,  15% used [0x0a550000, 0x0a6adba8, 0x0ae10000)
  to   space 8960K,   0% used [0x09c90000, 0x09c90000, 0x0a550000)
 tenured generation   total 180196K, used 172153K [0x100a0000, 0x1b099000, 0x25600000)
   the space 180196K,  95% used [0x100a0000, 0x1a8be660, 0x1a8be800, 0x1b099000)
 Metaspace       used 19231K, capacity 19656K, committed 19840K, reserved 19840K
}
Event: 33072.459 GC heap before
{Heap before GC invocations=373 (full 18):
 def new generation   total 81216K, used 73654K [0x05600000, 0x0ae10000, 0x100a0000)
  eden space 72256K, 100% used [0x05600000, 0x09c90000, 0x09c90000)
  from space 8960K,  15% used [0x0a550000, 0x0a6adba8, 0x0ae10000)
  to   space 8960K,   0% used [0x09c90000, 0x09c90000, 0x0a550000)
 tenured generation   total 180196K, used 172153K [0x100a0000, 0x1b099000, 0x25600000)
   the space 180196K,  95% used [0x100a0000, 0x1a8be660, 0x1a8be800, 0x1b099000)
 Metaspace       used 19231K, capacity 19656K, committed 19840K, reserved 19840K
Event: 33072.487 GC heap after
Heap after GC invocations=374 (full 18):
 def new generation   total 81216K, used 8960K [0x05600000, 0x0ae10000, 0x100a0000)
  eden space 72256K,   0% used [0x05600000, 0x05600000, 0x09c90000)
  from space 8960K, 100% used [0x09c90000, 0x0a550000, 0x0a550000)
  to   space 8960K,   0% used [0x0a550000, 0x0a550000, 0x0ae10000)
 tenured generation   total 180196K, used 173093K [0x100a0000, 0x1b099000, 0x25600000)
   the space 180196K,  96% used [0x100a0000, 0x1a9a9538, 0x1a9a9600, 0x1b099000)
 Metaspace       used 19231K, capacity 19656K, committed 19840K, reserved 19840K
}
Event: 33093.008 GC heap before
{Heap before GC invocations=374 (full 18):
 def new generation   total 81216K, used 81216K [0x05600000, 0x0ae10000, 0x100a0000)
  eden space 72256K, 100% used [0x05600000, 0x09c90000, 0x09c90000)
  from space 8960K, 100% used [0x09c90000, 0x0a550000, 0x0a550000)
  to   space 8960K,   0% used [0x0a550000, 0x0a550000, 0x0ae10000)
 tenured generation   total 180196K, used 173093K [0x100a0000, 0x1b099000, 0x25600000)
   the space 180196K,  96% used [0x100a0000, 0x1a9a9538, 0x1a9a9600, 0x1b099000)
 Metaspace       used 19231K, capacity 19656K, committed 19840K, reserved 19840K
Event: 33093.191 GC heap after
Heap after GC invocations=375 (full 19):
 def new generation   total 81216K, used 0K [0x05600000, 0x0ae10000, 0x100a0000)
  eden space 72256K,   0% used [0x05600000, 0x05600000, 0x09c90000)
  from space 8960K,   0% used [0x0a550000, 0x0a550000, 0x0ae10000)
  to   space 8960K,   0% used [0x09c90000, 0x09c90000, 0x0a550000)
 tenured generation   total 180196K, used 92792K [0x100a0000, 0x1b099000, 0x25600000)
   the space 180196K,  51% used [0x100a0000, 0x15b3e168, 0x15b3e200, 0x1b099000)
 Metaspace       used 19231K, capacity 19656K, committed 19840K, reserved 19840K
}
Event: 43921.987 GC heap before
{Heap before GC invocations=375 (full 19):
 def new generation   total 81216K, used 72256K [0x05600000, 0x0ae10000, 0x100a0000)
  eden space 72256K, 100% used [0x05600000, 0x09c90000, 0x09c90000)
  from space 8960K,   0% used [0x0a550000, 0x0a550000, 0x0ae10000)
  to   space 8960K,   0% used [0x09c90000, 0x09c90000, 0x0a550000)
 tenured generation   total 180196K, used 92792K [0x100a0000, 0x1b099000, 0x25600000)
   the space 180196K,  51% used [0x100a0000, 0x15b3e168, 0x15b3e200, 0x1b099000)
 Metaspace       used 19231K, capacity 19656K, committed 19840K, reserved 19840K
Event: 43922.017 GC heap after
Heap after GC invocations=376 (full 19):
 def new generation   total 81216K, used 2445K [0x05600000, 0x0ae10000, 0x100a0000)
  eden space 72256K,   0% used [0x05600000, 0x05600000, 0x09c90000)
  from space 8960K,  27% used [0x09c90000, 0x09ef37c8, 0x0a550000)
  to   space 8960K,   0% used [0x0a550000, 0x0a550000, 0x0ae10000)
 tenured generation   total 180196K, used 92792K [0x100a0000, 0x1b099000, 0x25600000)
   the space 180196K,  51% used [0x100a0000, 0x15b3e168, 0x15b3e200, 0x1b099000)
 Metaspace       used 19231K, capacity 19656K, committed 19840K, reserved 19840K
}

Deoptimization events (0 events):
No events

Internal exceptions (10 events):
Event: 9988.797 Thread 0x29252000 Exception <a 'sun/nio/fs/WindowsException'> (0x05b81f80) thrown at [C:\workspace\8-2-build-windows-i586-cygwin\jdk8u121\8372\hotspot\src\share\vm\prims\jni.cpp, line 709]
Event: 9988.797 Thread 0x29252000 Exception <a 'sun/nio/fs/WindowsException'> (0x05b82500) thrown at [C:\workspace\8-2-build-windows-i586-cygwin\jdk8u121\8372\hotspot\src\share\vm\prims\jni.cpp, line 709]
Event: 22995.279 Thread 0x28c4e000 Exception <a 'java/net/SocketException': error setting options> (0x08793998) thrown at [C:\workspace\8-2-build-windows-i586-cygwin\jdk8u121\8372\hotspot\src\share\vm\prims\jni.cpp, line 735]
Event: 22995.279 Thread 0x2924fc00 Exception <a 'java/net/SocketException': socket closed> (0x08613d90) thrown at [C:\workspace\8-2-build-windows-i586-cygwin\jdk8u121\8372\hotspot\src\share\vm\prims\jni.cpp, line 735]
Event: 23001.291 Thread 0x29255800 Exception <a 'java/net/SocketException': socket closed> (0x08dfac20) thrown at [C:\workspace\8-2-build-windows-i586-cygwin\jdk8u121\8372\hotspot\src\share\vm\prims\jni.cpp, line 735]
Event: 27966.186 Thread 0x28c4e000 Exception <a 'java/net/UnknownHostException'> (0x06961850) thrown at [C:\workspace\8-2-build-windows-i586-cygwin\jdk8u121\8372\hotspot\src\share\vm\prims\jni.cpp, line 735]
Event: 27966.402 Thread 0x28c4e000 Exception <a 'java/net/UnknownHostException'> (0x06ab9098) thrown at [C:\workspace\8-2-build-windows-i586-cygwin\jdk8u121\8372\hotspot\src\share\vm\prims\jni.cpp, line 735]
Event: 27976.933 Thread 0x29256000 Exception <a 'java/net/SocketException': socket closed> (0x06b56a50) thrown at [C:\workspace\8-2-build-windows-i586-cygwin\jdk8u121\8372\hotspot\src\share\vm\prims\jni.cpp, line 735]
Event: 43913.709 Thread 0x29252800 Exception <a 'java/net/SocketException': socket closed> (0x06d91e48) thrown at [C:\workspace\8-2-build-windows-i586-cygwin\jdk8u121\8372\hotspot\src\share\vm\prims\jni.cpp, line 735]
Event: 43919.720 Thread 0x29256c00 Exception <a 'java/net/SocketException': socket closed> (0x090ab750) thrown at [C:\workspace\8-2-build-windows-i586-cygwin\jdk8u121\8372\hotspot\src\share\vm\prims\jni.cpp, line 735]

Events (10 events):
Event: 43919.720 Thread 0x29256c00 Thread exited: 0x29256c00
Event: 43921.987 Executing VM operation: GenCollectForAllocation
Event: 43922.017 Executing VM operation: GenCollectForAllocation done
Event: 95072.602 loading class sun/awt/windows/WWindowPeer$1
Event: 95072.718 loading class sun/awt/windows/WWindowPeer$1 done
Event: 95072.755 Thread 0x26782000 flushing nmethod 0x0339fd88
Event: 95072.755 Thread 0x26782000 flushing nmethod 0x033c5708
Event: 95072.755 Thread 0x26782000 flushing nmethod 0x033ea7c8
Event: 95072.756 Thread 0x26782000 flushing nmethod 0x0351ec08
Event: 95072.756 Thread 0x26782000 flushing nmethod 0x03654248


Dynamic libraries:
0x00250000 - 0x00283000 	C:\Program Files (x86)\Arduino\java\bin\javaw.exe
0x77160000 - 0x772ee000 	C:\Windows\SYSTEM32\ntdll.dll
0x75830000 - 0x75900000 	C:\Windows\System32\KERNEL32.DLL
0x75660000 - 0x75822000 	C:\Windows\System32\KERNELBASE.dll
0x74bc0000 - 0x74c37000 	C:\Windows\System32\ADVAPI32.dll
0x74ed0000 - 0x74f8d000 	C:\Windows\System32\msvcrt.dll
0x74e70000 - 0x74eb1000 	C:\Windows\System32\sechost.dll
0x73ed0000 - 0x73f90000 	C:\Windows\System32\RPCRT4.dll
0x73c30000 - 0x73c50000 	C:\Windows\System32\SspiCli.dll
0x73c20000 - 0x73c2a000 	C:\Windows\System32\CRYPTBASE.dll
0x77100000 - 0x77157000 	C:\Windows\System32\bcryptPrimitives.dll
0x759d0000 - 0x75b0c000 	C:\Windows\System32\USER32.dll
0x74c90000 - 0x74ca6000 	C:\Windows\System32\win32u.dll
0x74e40000 - 0x74e61000 	C:\Windows\System32\GDI32.dll
0x73d70000 - 0x73ec9000 	C:\Windows\System32\gdi32full.dll
0x748f0000 - 0x74969000 	C:\Windows\System32\msvcp_win.dll
0x73c50000 - 0x73d68000 	C:\Windows\System32\ucrtbase.dll
0x6dc50000 - 0x6de5e000 	C:\Windows\WinSxS\x86_microsoft.windows.common-controls_6595b64144ccf1df_6.0.15063.0_none_583b8639f462029f\COMCTL32.dll
0x74280000 - 0x744b8000 	C:\Windows\System32\combase.dll
0x73f90000 - 0x73fb5000 	C:\Windows\System32\IMM32.DLL
0x6b0e0000 - 0x6b19f000 	C:\Program Files (x86)\Arduino\java\bin\msvcr100.dll
0x6ad10000 - 0x6b0de000 	C:\Program Files (x86)\Arduino\java\bin\client\jvm.dll
0x744c0000 - 0x744c6000 	C:\Windows\System32\PSAPI.DLL
0x72ff0000 - 0x72ff8000 	C:\Windows\SYSTEM32\WSOCK32.dll
0x718f0000 - 0x71914000 	C:\Windows\SYSTEM32\WINMM.dll
0x73080000 - 0x73088000 	C:\Windows\SYSTEM32\VERSION.dll
0x75960000 - 0x759c7000 	C:\Windows\System32\WS2_32.dll
0x718c0000 - 0x718e3000 	C:\Windows\SYSTEM32\WINMMBASE.dll
0x74f90000 - 0x74fc9000 	C:\Windows\System32\cfgmgr32.dll
0x6acd0000 - 0x6ad01000 	C:\Program Files (x86)\Arduino\java\bin\splashscreen.dll
0x71840000 - 0x718b8000 	C:\Windows\system32\uxtheme.dll
0x6d890000 - 0x6d89c000 	C:\Program Files (x86)\Arduino\java\bin\verify.dll
0x74050000 - 0x74196000 	C:\Windows\System32\MSCTF.dll
0x76f80000 - 0x77016000 	C:\Windows\System32\OLEAUT32.dll
0x6aca0000 - 0x6acc1000 	C:\Program Files (x86)\Arduino\java\bin\java.dll
0x6d870000 - 0x6d883000 	C:\Program Files (x86)\Arduino\java\bin\zip.dll
0x74b50000 - 0x74b5e000 	C:\Windows\System32\kernel.appcore.dll
0x6d750000 - 0x6d7b7000 	C:\Windows\System32\TextInputFramework.dll
0x69970000 - 0x69b97000 	C:\Windows\System32\CoreUIComponents.dll
0x67b80000 - 0x67c0f000 	C:\Windows\System32\CoreMessaging.dll
0x741f0000 - 0x7427c000 	C:\Windows\System32\SHCORE.dll
0x70280000 - 0x702a8000 	C:\Windows\SYSTEM32\ntmarta.dll
0x67aa0000 - 0x67b71000 	C:\Windows\SYSTEM32\wintypes.dll
0x6e300000 - 0x6e310000 	C:\Windows\SYSTEM32\usermgrcli.dll
0x6f330000 - 0x6f353000 	C:\Windows\system32\dwmapi.dll
0x75c20000 - 0x76f68000 	C:\Windows\System32\SHELL32.dll
0x750d0000 - 0x75654000 	C:\Windows\System32\windows.storage.dll
0x74c40000 - 0x74c85000 	C:\Windows\System32\shlwapi.dll
0x741a0000 - 0x741e5000 	C:\Windows\System32\powrprof.dll
0x75c10000 - 0x75c20000 	C:\Windows\System32\profapi.dll
0x27230000 - 0x272a2000 	C:\Program Files (x86)\Arduino\lib\listSerialsj.dll
0x744d0000 - 0x748ea000 	C:\Windows\System32\SETUPAPI.dll
0x6ac80000 - 0x6ac9d000 	C:\Program Files (x86)\Arduino\lib\jnidispatch-4.2.2-win32-x86.dll
0x75b10000 - 0x75c02000 	C:\Windows\System32\Ole32.dll
0x6ac60000 - 0x6ac76000 	C:\Program Files (x86)\Arduino\java\bin\net.dll
0x730b0000 - 0x730fe000 	C:\Windows\system32\mswsock.dll
0x6ac50000 - 0x6ac5f000 	C:\Program Files (x86)\Arduino\java\bin\nio.dll
0x6ab00000 - 0x6ac46000 	C:\Program Files (x86)\Arduino\java\bin\awt.dll
0x700b0000 - 0x70143000 	C:\Windows\SYSTEM32\apphelp.dll
0x6aac0000 - 0x6aaf9000 	C:\Program Files (x86)\Arduino\java\bin\fontmanager.dll
0x67890000 - 0x6796f000 	C:\Windows\system32\opengl32.dll
0x6aa90000 - 0x6aab5000 	C:\Windows\SYSTEM32\GLU32.dll
0x6aa50000 - 0x6aa82000 	C:\Program Files (x86)\Arduino\java\bin\t2k.dll
0x6f220000 - 0x6f242000 	C:\Windows\SYSTEM32\DEVOBJ.dll
0x77020000 - 0x77064000 	C:\Windows\System32\WINTRUST.dll
0x74ec0000 - 0x74ece000 	C:\Windows\System32\MSASN1.dll
0x749d0000 - 0x74b4d000 	C:\Windows\System32\CRYPT32.dll
0x72af0000 - 0x72b1f000 	C:\Windows\SYSTEM32\IPHLPAPI.DLL
0x74fd0000 - 0x74fd7000 	C:\Windows\System32\NSI.dll
0x6f080000 - 0x6f093000 	C:\Windows\SYSTEM32\dhcpcsvc6.DLL
0x6f060000 - 0x6f074000 	C:\Windows\SYSTEM32\dhcpcsvc.DLL
0x702b0000 - 0x7032f000 	C:\Windows\SYSTEM32\DNSAPI.dll
0x70230000 - 0x70251000 	C:\Program Files (x86)\Bonjour\mdnsNSP.dll
0x701d0000 - 0x701d8000 	C:\Windows\System32\rasadhlp.dll
0x701e0000 - 0x7022a000 	C:\Windows\System32\fwpuclnt.dll
0x73050000 - 0x73068000 	C:\Windows\SYSTEM32\bcrypt.dll
0x67a20000 - 0x67a89000 	C:\Program Files (x86)\Arduino\msvcp100.dll
0x677d0000 - 0x6788e000 	C:\Program Files (x86)\Arduino\msvcr100.dll
0x29ec0000 - 0x29ef2000 	C:\Program Files (x86)\Arduino\lib\AStylej.dll
0x677a0000 - 0x677c4000 	C:\Program Files (x86)\Arduino\java\bin\dcpr.dll
0x73fc0000 - 0x74043000 	C:\Windows\System32\clbcatq.dll
0x62590000 - 0x62702000 	C:\Windows\SYSTEM32\WindowsCodecs.dll
0x61f70000 - 0x61fb3000 	C:\Windows\system32\dataexchange.dll
0x629b0000 - 0x62c02000 	C:\Windows\system32\d3d11.dll
0x61e80000 - 0x61f6b000 	C:\Windows\system32\dcomp.dll
0x62730000 - 0x627ba000 	C:\Windows\system32\dxgi.dll
0x61d40000 - 0x61e76000 	C:\Windows\system32\twinapi.appcore.dll
0x015d0000 - 0x015d7000 	C:\Program Files (x86)\Internet Download Manager\idmmkb.dll
0x633b0000 - 0x63400000 	C:\Windows\system32\Ninput.dll
0x015e0000 - 0x015fb000 	C:\Program Files (x86)\Arduino\lib\jSSC-2.8_x86.dll
0x73090000 - 0x730a3000 	C:\Windows\SYSTEM32\CRYPTSP.dll
0x73020000 - 0x7304f000 	C:\Windows\system32\rsaenh.dll
0x72b20000 - 0x72b42000 	C:\Windows\SYSTEM32\USERENV.dll
0x57460000 - 0x5749c000 	C:\Windows\SYSTEM32\edputil.dll
0x73130000 - 0x7328d000 	C:\Windows\SYSTEM32\dbghelp.dll

VM Arguments:
jvm_args: -Dsun.java2d.d3d=false -Djna.nosys=true -Djna.nounpack=true -Djna.boot.library.name=jnidispatch-4.2.2-win32-x86 -Djna.boot.library.path=C:\Program Files (x86)\Arduino/lib -Djssc.library.path=C:\Program Files (x86)\Arduino/lib -DAPP_DIR=C:\Program Files (x86)\Arduino -Xms128M -Xmx512M 
java_command: processing.app.Base C:\Users\rkhodamb\Google Drive\Code\ONR Test Setup\Arduino\stepperLinearDrive\stepperLinearDrive.ino
java_class_path (initial): C:\Program Files (x86)\Arduino\lib\apple.jar;C:\Program Files (x86)\Arduino\lib\arduino-core.jar;C:\Program Files (x86)\Arduino\lib\batik-1.8.jar;C:\Program Files (x86)\Arduino\lib\batik-anim-1.8.jar;C:\Program Files (x86)\Arduino\lib\batik-awt-util-1.8.jar;C:\Program Files (x86)\Arduino\lib\batik-bridge-1.8.jar;C:\Program Files (x86)\Arduino\lib\batik-codec-1.8.jar;C:\Program Files (x86)\Arduino\lib\batik-css-1.8.jar;C:\Program Files (x86)\Arduino\lib\batik-dom-1.8.jar;C:\Program Files (x86)\Arduino\lib\batik-ext-1.8.jar;C:\Program Files (x86)\Arduino\lib\batik-gvt-1.8.jar;C:\Program Files (x86)\Arduino\lib\batik-parser-1.8.jar;C:\Program Files (x86)\Arduino\lib\batik-rasterizer-1.8.jar;C:\Program Files (x86)\Arduino\lib\batik-script-1.8.jar;C:\Program Files (x86)\Arduino\lib\batik-squiggle-1.8.jar;C:\Program Files (x86)\Arduino\lib\batik-svg-dom-1.8.jar;C:\Program Files (x86)\Arduino\lib\batik-svgpp-1.8.jar;C:\Program Files (x86)\Arduino\lib\batik-transcoder-1.8.jar;C:\Program Files (x86)\Arduino\lib\batik-util-1.8.jar;C:\Program Files (x86)\Arduino\lib\batik-xml-1.8.jar;C:\Program Files (x86)\Arduino\lib\bcpg-jdk15on-152.jar;C:\Program Files (x86)\Arduino\lib\bcprov-jdk15on-152.jar;C:\Program Files (x86)\Arduino\lib\commons-codec-1.7.jar;C:\Program Files (x86)\Arduino\lib\commons-compress-1.8.jar;C:\Program Files (x86)\Arduino\lib\commons-exec-1.1.jar;C:\Program Files (x86)\Arduino\lib\commons-httpclient-3.1.jar;C:\Program Files (x86)\Arduino\lib\commons-lang3-3.3.2.jar;C:\Program Files (x86)\Arduino\lib\commons-logging-1.0.4.jar;C:\Program Files (x86)\Arduino\lib\commons-net-3.3.jar;C:\Program Files (x86)\Arduino\lib\jackson-annotations-2.6.3.jar;C:\Program Files (x86)\Arduino\lib\jackson-core-2.6.3.jar;C:\Program Files (x86)\Arduino\lib\jackson-databind-2.6.3.jar;C:\Program Files (x86)\Arduino\lib\jackson-module-mrbean-2.6.3.jar;C:\Program Files (x86)\Arduino\lib\java-semver-0.8.0.jar;C:\Program Files (x86)\Arduino\lib\jmdns-3.5.1.j
Launcher Type: SUN_STANDARD

Environment Variables:
PATH=C:\ProgramData\Oracle\Java\javapath;C:\Program Files (x86)\Common Files\Intel\Shared Libraries\redist\intel64_win\mpirt;C:\Program Files (x86)\Common Files\Intel\Shared Libraries\redist\intel64_win\compiler;C:\Program Files (x86)\Common Files\Intel\Shared Libraries\redist\ia32_win\mpirt;C:\Program Files (x86)\Common Files\Intel\Shared Libraries\redist\ia32_win\compiler;C:\Program Files\Microsoft MPI\Bin\;C:\ProgramData\Anaconda3;C:\ProgramData\Anaconda3\Library\mingw-w64\bin;C:\ProgramData\Anaconda3\Library\usr\bin;C:\ProgramData\Anaconda3\Library\bin;C:\ProgramData\Anaconda3\Scripts;C:\Program Files (x86)\Intel\iCLS Client\;C:\Program Files\Intel\iCLS Client\;C:\Program Files (x86)\NVIDIA Corporation\PhysX\Common;C:\Windows\system32;C:\Windows;C:\Windows\System32\Wbem;C:\Windows\System32\WindowsPowerShell\v1.0\;C:\Program Files\MATLAB\R2017a\runtime\win64;C:\Program Files\MATLAB\R2017a\bin;C:\Program Files (x86)\Windows Kits\8.1\Windows Performance Toolkit\;C:\Program Files (x86)\Intel\Intel(R) Management Engine Components\DAL;C:\Program Files\Intel\Intel(R) Management Engine Components\DAL;C:\Program Files (x86)\Intel\Intel(R) Management Engine Components\IPT;C:\Program Files\Intel\Intel(R) Management Engine Components\IPT;C:\bin;C:\Program Files (x86)\Git\cmd;C:\Program Files (x86)\GitExtensions\;C:\Program Files (x86)\GtkSharp\2.12\bin;C:\Program Files\MiKTeX 2.9\miktex\bin\x64\;C:\Users\rkhodamb\AppData\Local\Microsoft\WindowsApps;C:\MinGW\bin;C:\Users\rkhodamb\AppData\Local\atom\bin;C:\Program Files (x86)\Arduino\java\bin
USERNAME=rkhodamb
OS=Windows_NT
PROCESSOR_IDENTIFIER=Intel64 Family 6 Model 158 Stepping 9, GenuineIntel



---------------  S Y S T E M  ---------------

OS: Windows 10.0 , 64 bit Build 15063 (10.0.15063.0)

CPU:total 8 (4 cores per cpu, 2 threads per core) family 6 model 158 stepping 9, cmov, cx8, fxsr, mmx, sse, sse2, sse3, ssse3, sse4.1, sse4.2, popcnt, avx, avx2, aes, clmul, erms, 3dnowpref, lzcnt, ht, tsc, tscinvbit, bmi1, bmi2, adx

Memory: 4k page, physical 8198848k(1848636k free), swap 16187352k(2034048k free)

vm_info: Java HotSpot(TM) Client VM (25.121-b13) for windows-x86 JRE (1.8.0_121-b13), built on Dec 12 2016 18:17:00 by "java_re" with MS VC++ 10.0 (VS2010)

time: Sat Jan 20 12:10:20 2018
elapsed time: 95073 seconds (1d 2h 24m 33s)

